2024-06-27 23:09:16,835 INFO o.a.j.u.JMeterUtils: Setting Locale to en_EN
2024-06-27 23:09:16,918 INFO o.a.j.JMeter: Loading user properties from: C:\Users\SENS\Downloads\apache-jmeter-5.6.3\apache-jmeter-5.6.3\bin\user.properties
2024-06-27 23:09:16,921 INFO o.a.j.JMeter: Loading system properties from: C:\Users\SENS\Downloads\apache-jmeter-5.6.3\apache-jmeter-5.6.3\bin\system.properties
2024-06-27 23:09:16,953 INFO o.a.j.JMeter: Copyright (c) 1998-2024 The Apache Software Foundation
2024-06-27 23:09:16,953 INFO o.a.j.JMeter: Version 5.6.3
2024-06-27 23:09:16,953 INFO o.a.j.JMeter: java.version=17.0.11
2024-06-27 23:09:16,954 INFO o.a.j.JMeter: java.vm.name=Java HotSpot(TM) 64-Bit Server VM
2024-06-27 23:09:16,954 INFO o.a.j.JMeter: os.name=Windows 10
2024-06-27 23:09:16,954 INFO o.a.j.JMeter: os.arch=amd64
2024-06-27 23:09:16,955 INFO o.a.j.JMeter: os.version=10.0
2024-06-27 23:09:16,956 INFO o.a.j.JMeter: file.encoding=MS949
2024-06-27 23:09:16,956 INFO o.a.j.JMeter: java.awt.headless=true
2024-06-27 23:09:16,957 INFO o.a.j.JMeter: Max memory     =1073741824
2024-06-27 23:09:16,957 INFO o.a.j.JMeter: Available Processors =2
2024-06-27 23:09:16,995 INFO o.a.j.JMeter: Default Locale=English (EN)
2024-06-27 23:09:16,997 INFO o.a.j.JMeter: JMeter  Locale=English (EN)
2024-06-27 23:09:16,997 INFO o.a.j.JMeter: JMeterHome=C:\Users\SENS\Downloads\apache-jmeter-5.6.3\apache-jmeter-5.6.3
2024-06-27 23:09:16,997 INFO o.a.j.JMeter: user.dir  =C:\apache-jmeter-5.6.3\apache-jmeter-5.6.3\bin\class_test_file
2024-06-27 23:09:16,999 INFO o.a.j.JMeter: PWD       =C:\apache-jmeter-5.6.3\apache-jmeter-5.6.3\bin\class_test_file
2024-06-27 23:09:17,002 INFO o.a.j.JMeter: IP: 192.168.1.33 Name: DESKTOP-503DDP8 FullName: DESKTOP-503DDP8
2024-06-27 23:09:17,071 INFO o.a.j.JMeter: Setting property 'jmeter.reportgenerator.outputdir' to:'C:\apache-jmeter-5.6.3\apache-jmeter-5.6.3\bin\class_test_file\Reports'
2024-06-27 23:09:17,081 INFO o.a.j.s.FileServer: Default base='C:\apache-jmeter-5.6.3\apache-jmeter-5.6.3\bin\class_test_file'
2024-06-27 23:09:17,093 INFO o.a.j.s.FileServer: Set new base='C:\apache-jmeter-5.6.3\apache-jmeter-5.6.3\bin\class_test_file\.'
2024-06-27 23:09:18,150 INFO o.a.j.s.SaveService: Testplan (JMX) version: 2.2. Testlog (JTL) version: 2.2
2024-06-27 23:09:18,301 INFO o.a.j.s.SaveService: Using SaveService properties version 5.0
2024-06-27 23:09:18,315 INFO o.a.j.s.SaveService: Using SaveService properties file encoding UTF-8
2024-06-27 23:09:18,341 INFO o.a.j.s.SaveService: Loading file: .\book-api.jmx
2024-06-27 23:09:18,629 INFO o.a.j.p.h.s.HTTPSamplerBase: Parser for text/html is org.apache.jmeter.protocol.http.parser.LagartoBasedHtmlParser
2024-06-27 23:09:18,630 INFO o.a.j.p.h.s.HTTPSamplerBase: Parser for application/xhtml+xml is org.apache.jmeter.protocol.http.parser.LagartoBasedHtmlParser
2024-06-27 23:09:18,630 INFO o.a.j.p.h.s.HTTPSamplerBase: Parser for application/xml is org.apache.jmeter.protocol.http.parser.LagartoBasedHtmlParser
2024-06-27 23:09:18,631 INFO o.a.j.p.h.s.HTTPSamplerBase: Parser for text/xml is org.apache.jmeter.protocol.http.parser.LagartoBasedHtmlParser
2024-06-27 23:09:18,631 INFO o.a.j.p.h.s.HTTPSamplerBase: Parser for text/vnd.wap.wml is org.apache.jmeter.protocol.http.parser.RegexpHTMLParser
2024-06-27 23:09:18,631 INFO o.a.j.p.h.s.HTTPSamplerBase: Parser for text/css is org.apache.jmeter.protocol.http.parser.CssParser
2024-06-27 23:09:18,758 INFO o.a.j.JMeter: Creating summariser <summary>
2024-06-27 23:09:18,780 INFO o.a.j.r.d.ReportGenerator: ReportGenerator will use for Parsing the separator: ','
2024-06-27 23:09:18,780 INFO o.a.j.r.d.ReportGenerator: Will generate report at end of test from  results file: .\book-api.jtl
2024-06-27 23:09:18,781 INFO o.a.j.r.d.ReportGenerator: Reading report generator properties from: C:\Users\SENS\Downloads\apache-jmeter-5.6.3\apache-jmeter-5.6.3\bin\reportgenerator.properties
2024-06-27 23:09:18,783 INFO o.a.j.r.d.ReportGenerator: Merging with JMeter properties
2024-06-27 23:09:18,799 INFO o.a.j.r.c.ReportGeneratorConfiguration: Property 'jmeter.reportgenerator.temp_dir' not found, using default value 'temp' instead.
2024-06-27 23:09:18,818 INFO o.a.j.r.c.ReportGeneratorConfiguration: Property 'jmeter.reportgenerator.apdex_per_transaction' not found, using default value 'null' instead.
2024-06-27 23:09:18,819 INFO o.a.j.r.c.ReportGeneratorConfiguration: apdex_per_transaction is empty, not APDEX per transaction customization
2024-06-27 23:09:18,819 INFO o.a.j.r.c.ReportGeneratorConfiguration: Property 'jmeter.reportgenerator.sample_filter' not found, using default value 'null' instead.
2024-06-27 23:09:18,820 INFO o.a.j.r.c.ReportGeneratorConfiguration: Property 'jmeter.reportgenerator.report_title' not found, using default value 'null' instead.
2024-06-27 23:09:18,820 INFO o.a.j.r.c.ReportGeneratorConfiguration: Property 'jmeter.reportgenerator.start_date' not found, using default value 'null' instead.
2024-06-27 23:09:18,820 INFO o.a.j.r.c.ReportGeneratorConfiguration: Property 'jmeter.reportgenerator.end_date' not found, using default value 'null' instead.
2024-06-27 23:09:18,820 INFO o.a.j.r.c.ReportGeneratorConfiguration: Property 'jmeter.reportgenerator.date_format' not found, using default value 'null' instead.
2024-06-27 23:09:18,821 INFO o.a.j.r.c.ReportGeneratorConfiguration: Will use date range start date: null, end date: null
2024-06-27 23:09:18,835 INFO o.a.j.r.c.ReportGeneratorConfiguration: Property 'jmeter.reportgenerator.graph.totalTPS.exclude_controllers' not found, using default value 'false' instead.
2024-06-27 23:09:18,836 INFO o.a.j.r.c.ReportGeneratorConfiguration: Property 'jmeter.reportgenerator.graph.activeThreadsOverTime.exclude_controllers' not found, using default value 'false' instead.
2024-06-27 23:09:18,837 INFO o.a.j.r.c.ReportGeneratorConfiguration: Property 'jmeter.reportgenerator.graph.timeVsThreads.exclude_controllers' not found, using default value 'false' instead.
2024-06-27 23:09:18,840 INFO o.a.j.r.c.ReportGeneratorConfiguration: Property 'jmeter.reportgenerator.graph.responseTimeDistribution.exclude_controllers' not found, using default value 'false' instead.
2024-06-27 23:09:18,841 INFO o.a.j.r.c.ReportGeneratorConfiguration: Property 'jmeter.reportgenerator.graph.transactionsPerSecond.exclude_controllers' not found, using default value 'false' instead.
2024-06-27 23:09:18,842 INFO o.a.j.r.c.ReportGeneratorConfiguration: Property 'jmeter.reportgenerator.graph.responseTimePercentiles.exclude_controllers' not found, using default value 'false' instead.
2024-06-27 23:09:18,843 INFO o.a.j.r.c.ReportGeneratorConfiguration: Property 'jmeter.reportgenerator.graph.responseTimePercentilesOverTime.exclude_controllers' not found, using default value 'false' instead.
2024-06-27 23:09:18,843 INFO o.a.j.r.c.ReportGeneratorConfiguration: Property 'jmeter.reportgenerator.graph.responseTimesOverTime.exclude_controllers' not found, using default value 'false' instead.
2024-06-27 23:09:18,846 INFO o.a.j.r.c.ReportGeneratorConfiguration: Property 'jmeter.reportgenerator.graph.connectTimeOverTime.exclude_controllers' not found, using default value 'false' instead.
2024-06-27 23:09:18,847 INFO o.a.j.r.c.ReportGeneratorConfiguration: Property 'jmeter.reportgenerator.graph.latenciesOverTime.exclude_controllers' not found, using default value 'false' instead.
2024-06-27 23:09:18,850 INFO o.a.j.r.c.ReportGeneratorConfiguration: Property 'jmeter.reportgenerator.exporter.json.filters_only_sample_series' not found, using default value 'true' instead.
2024-06-27 23:09:18,850 INFO o.a.j.r.c.ReportGeneratorConfiguration: Property 'jmeter.reportgenerator.exporter.json.series_filter' not found, using default value '' instead.
2024-06-27 23:09:18,851 INFO o.a.j.r.c.ReportGeneratorConfiguration: Property 'jmeter.reportgenerator.exporter.json.show_controllers_only' not found, using default value 'false' instead.
2024-06-27 23:09:18,853 INFO o.a.j.r.c.ReportGeneratorConfiguration: Property 'jmeter.reportgenerator.exporter.html.filters_only_sample_series' not found, using default value 'true' instead.
2024-06-27 23:09:18,854 INFO o.a.j.r.c.ReportGeneratorConfiguration: Property 'jmeter.reportgenerator.exporter.html.series_filter' not found, using default value '' instead.
2024-06-27 23:09:18,854 INFO o.a.j.r.c.ReportGeneratorConfiguration: Property 'jmeter.reportgenerator.exporter.html.show_controllers_only' not found, using default value 'false' instead.
2024-06-27 23:09:18,912 INFO o.a.j.e.StandardJMeterEngine: Running the test!
2024-06-27 23:09:18,915 INFO o.a.j.s.SampleEvent: List of sample_variables: []
2024-06-27 23:09:18,915 INFO o.a.j.s.SampleEvent: List of sample_variables: []
2024-06-27 23:09:18,938 INFO o.a.j.e.u.CompoundVariable: Note: Function class names must contain the string: '.functions.'
2024-06-27 23:09:18,938 INFO o.a.j.e.u.CompoundVariable: Note: Function class names must not contain the string: '.gui.'
2024-06-27 23:09:19,268 INFO o.a.j.JMeter: Running test (1719497359268)
2024-06-27 23:09:19,359 INFO o.a.j.e.StandardJMeterEngine: Starting ThreadGroup: 1 : Thread Group
2024-06-27 23:09:19,360 INFO o.a.j.e.StandardJMeterEngine: Starting 6666 threads for group Thread Group.
2024-06-27 23:09:19,360 INFO o.a.j.e.StandardJMeterEngine: Thread will continue on error
2024-06-27 23:09:19,360 INFO o.a.j.t.ThreadGroup: Starting thread group... number=1 threads=6666 ramp-up=2400 delayedStart=false
2024-06-27 23:09:19,397 INFO o.a.j.t.JMeterThread: Thread started: Thread Group 1-1
2024-06-27 23:09:19,610 INFO o.a.j.p.h.s.HTTPHCAbstractImpl: Local host = DESKTOP-503DDP8
2024-06-27 23:09:19,681 INFO o.a.j.p.h.s.HTTPHC4Impl: HTTP request retry count = 0
2024-06-27 23:09:19,686 INFO o.a.j.s.SampleResult: Note: Sample TimeStamps are START times
2024-06-27 23:09:19,687 INFO o.a.j.s.SampleResult: sampleresult.default.encoding is set to UTF-8
2024-06-27 23:09:19,687 INFO o.a.j.s.SampleResult: sampleresult.useNanoTime=true
2024-06-27 23:09:19,687 INFO o.a.j.s.SampleResult: sampleresult.nanoThreadSleep=5000
2024-06-27 23:09:19,776 INFO o.a.j.t.JMeterThread: Thread started: Thread Group 1-2
2024-06-27 23:09:20,173 INFO o.a.j.t.JMeterThread: Thread started: Thread Group 1-3
2024-06-27 23:09:20,518 INFO o.a.j.t.JMeterThread: Thread started: Thread Group 1-4
2024-06-27 23:09:20,658 INFO o.a.j.p.h.s.h.LazyLayeredConnectionSocketFactory: Setting up HTTPS TrustAll Socket Factory
2024-06-27 23:09:20,720 INFO o.a.j.u.JsseSSLManager: Using default SSL protocol: TLS
2024-06-27 23:09:20,721 INFO o.a.j.u.JsseSSLManager: SSL session context: per-thread
2024-06-27 23:09:20,942 INFO o.a.j.t.JMeterThread: Thread started: Thread Group 1-5
2024-06-27 23:09:21,262 INFO o.a.j.t.JMeterThread: Thread started: Thread Group 1-6
2024-06-27 23:09:21,591 INFO o.a.j.t.JMeterThread: Thread started: Thread Group 1-7
2024-06-27 23:09:21,649 INFO o.a.j.u.SSLManager: JmeterKeyStore Location:  type JKS
2024-06-27 23:09:21,660 INFO o.a.j.u.SSLManager: KeyStore created OK
2024-06-27 23:09:21,661 WARN o.a.j.u.SSLManager: Keystore file not found, loading empty keystore
2024-06-27 23:09:21,927 INFO o.a.j.t.JMeterThread: Thread started: Thread Group 1-8
2024-06-27 23:09:22,644 INFO o.a.j.t.JMeterThread: Thread started: Thread Group 1-9
2024-06-27 23:09:22,686 INFO o.a.j.t.JMeterThread: Thread started: Thread Group 1-10
2024-06-27 23:09:23,015 INFO o.a.j.t.JMeterThread: Thread started: Thread Group 1-11
2024-06-27 23:09:23,386 INFO o.a.j.t.JMeterThread: Thread started: Thread Group 1-12
2024-06-27 23:09:23,924 INFO o.a.j.t.JMeterThread: Thread started: Thread Group 1-13
2024-06-27 23:09:24,095 INFO o.a.j.t.JMeterThread: Thread started: Thread Group 1-14
2024-06-27 23:09:24,451 INFO o.a.j.t.JMeterThread: Thread started: Thread Group 1-15
2024-06-27 23:09:24,805 INFO o.a.j.t.JMeterThread: Thread started: Thread Group 1-16
2024-06-27 23:09:25,181 INFO o.a.j.t.JMeterThread: Thread started: Thread Group 1-17
2024-06-27 23:09:25,531 INFO o.a.j.t.JMeterThread: Thread started: Thread Group 1-18
2024-06-27 23:09:25,881 INFO o.a.j.t.JMeterThread: Thread started: Thread Group 1-19
2024-06-27 23:09:26,359 INFO o.a.j.t.JMeterThread: Thread started: Thread Group 1-20
2024-06-27 23:09:26,623 INFO o.a.j.t.JMeterThread: Thread started: Thread Group 1-21
2024-06-27 23:09:27,119 INFO o.a.j.t.JMeterThread: Thread started: Thread Group 1-22
2024-06-27 23:09:27,336 INFO o.a.j.t.JMeterThread: Thread started: Thread Group 1-23
2024-06-27 23:09:28,078 INFO o.a.j.t.JMeterThread: Thread started: Thread Group 1-24
2024-06-27 23:09:28,100 INFO o.a.j.t.JMeterThread: Thread started: Thread Group 1-25
2024-06-27 23:09:28,258 INFO o.a.j.t.JMeterThread: Thread is done: Thread Group 1-16
2024-06-27 23:09:28,262 INFO o.a.j.t.JMeterThread: Thread finished: Thread Group 1-16
2024-06-27 23:09:28,273 INFO o.a.j.t.JMeterThread: Thread is done: Thread Group 1-9
2024-06-27 23:09:28,274 INFO o.a.j.t.JMeterThread: Thread finished: Thread Group 1-9
2024-06-27 23:09:28,355 INFO o.a.j.t.JMeterThread: Thread is done: Thread Group 1-15
2024-06-27 23:09:28,355 INFO o.a.j.t.JMeterThread: Thread finished: Thread Group 1-15
2024-06-27 23:09:28,389 INFO o.a.j.t.JMeterThread: Thread started: Thread Group 1-26
2024-06-27 23:09:28,483 INFO o.a.j.t.JMeterThread: Thread is done: Thread Group 1-4
2024-06-27 23:09:28,483 INFO o.a.j.t.JMeterThread: Thread finished: Thread Group 1-4
2024-06-27 23:09:28,650 INFO o.a.j.t.JMeterThread: Thread is done: Thread Group 1-1
2024-06-27 23:09:28,651 INFO o.a.j.t.JMeterThread: Thread finished: Thread Group 1-1
2024-06-27 23:09:28,708 INFO o.a.j.t.JMeterThread: Thread is done: Thread Group 1-18
2024-06-27 23:09:28,708 INFO o.a.j.t.JMeterThread: Thread finished: Thread Group 1-18
2024-06-27 23:09:28,770 INFO o.a.j.t.JMeterThread: Thread started: Thread Group 1-27
2024-06-27 23:09:28,869 INFO o.a.j.t.JMeterThread: Thread is done: Thread Group 1-17
2024-06-27 23:09:28,869 INFO o.a.j.t.JMeterThread: Thread finished: Thread Group 1-17
2024-06-27 23:09:29,109 INFO o.a.j.t.JMeterThread: Thread started: Thread Group 1-28
2024-06-27 23:09:29,475 INFO o.a.j.t.JMeterThread: Thread started: Thread Group 1-29
2024-06-27 23:09:29,800 INFO o.a.j.t.JMeterThread: Thread is done: Thread Group 1-2
2024-06-27 23:09:29,801 INFO o.a.j.t.JMeterThread: Thread finished: Thread Group 1-2
2024-06-27 23:09:29,855 INFO o.a.j.t.JMeterThread: Thread started: Thread Group 1-30
2024-06-27 23:09:30,152 INFO o.a.j.r.Summariser: summary +      9 in 00:00:11 =    0.8/s Avg:  5450 Min:  3171 Max:  9334 Err:     0 (0.00%) Active: 22 Started: 30 Finished: 8
2024-06-27 23:09:30,156 INFO o.a.j.t.JMeterThread: Thread is done: Thread Group 1-20
2024-06-27 23:09:30,157 INFO o.a.j.t.JMeterThread: Thread finished: Thread Group 1-20
2024-06-27 23:09:30,247 INFO o.a.j.t.JMeterThread: Thread is done: Thread Group 1-14
2024-06-27 23:09:30,247 INFO o.a.j.t.JMeterThread: Thread finished: Thread Group 1-14
2024-06-27 23:09:30,250 INFO o.a.j.t.JMeterThread: Thread started: Thread Group 1-31
2024-06-27 23:09:30,350 INFO o.a.j.t.JMeterThread: Thread is done: Thread Group 1-12
2024-06-27 23:09:30,350 INFO o.a.j.t.JMeterThread: Thread finished: Thread Group 1-12
2024-06-27 23:09:30,587 INFO o.a.j.t.JMeterThread: Thread started: Thread Group 1-32
2024-06-27 23:09:30,857 INFO o.a.j.t.JMeterThread: Thread is done: Thread Group 1-8
2024-06-27 23:09:30,857 INFO o.a.j.t.JMeterThread: Thread finished: Thread Group 1-8
2024-06-27 23:09:30,867 INFO o.a.j.t.JMeterThread: Thread is done: Thread Group 1-3
2024-06-27 23:09:30,867 INFO o.a.j.t.JMeterThread: Thread finished: Thread Group 1-3
2024-06-27 23:09:30,910 INFO o.a.j.t.JMeterThread: Thread started: Thread Group 1-33
2024-06-27 23:09:30,974 INFO o.a.j.t.JMeterThread: Thread is done: Thread Group 1-19
2024-06-27 23:09:30,974 INFO o.a.j.t.JMeterThread: Thread finished: Thread Group 1-19
2024-06-27 23:09:31,172 INFO o.a.j.t.JMeterThread: Thread is done: Thread Group 1-10
2024-06-27 23:09:31,173 INFO o.a.j.t.JMeterThread: Thread finished: Thread Group 1-10
2024-06-27 23:09:31,184 INFO o.a.j.t.JMeterThread: Thread is done: Thread Group 1-13
2024-06-27 23:09:31,184 INFO o.a.j.t.JMeterThread: Thread finished: Thread Group 1-13
2024-06-27 23:09:31,203 INFO o.a.j.t.JMeterThread: Thread is done: Thread Group 1-5
2024-06-27 23:09:31,204 INFO o.a.j.t.JMeterThread: Thread finished: Thread Group 1-5
2024-06-27 23:09:31,218 INFO o.a.j.t.JMeterThread: Thread is done: Thread Group 1-11
2024-06-27 23:09:31,218 INFO o.a.j.t.JMeterThread: Thread finished: Thread Group 1-11
2024-06-27 23:09:31,270 INFO o.a.j.t.JMeterThread: Thread is done: Thread Group 1-21
2024-06-27 23:09:31,270 INFO o.a.j.t.JMeterThread: Thread finished: Thread Group 1-21
2024-06-27 23:09:31,333 INFO o.a.j.t.JMeterThread: Thread is done: Thread Group 1-29
2024-06-27 23:09:31,334 INFO o.a.j.t.JMeterThread: Thread finished: Thread Group 1-29
2024-06-27 23:09:31,400 INFO o.a.j.t.JMeterThread: Thread started: Thread Group 1-34
2024-06-27 23:09:31,423 INFO o.a.j.t.JMeterThread: Thread is done: Thread Group 1-6
2024-06-27 23:09:31,423 INFO o.a.j.t.JMeterThread: Thread finished: Thread Group 1-6
2024-06-27 23:09:31,477 INFO o.a.j.t.JMeterThread: Thread is done: Thread Group 1-7
2024-06-27 23:09:31,478 INFO o.a.j.t.JMeterThread: Thread finished: Thread Group 1-7
2024-06-27 23:09:31,633 INFO o.a.j.t.JMeterThread: Thread is done: Thread Group 1-25
2024-06-27 23:09:31,633 INFO o.a.j.t.JMeterThread: Thread finished: Thread Group 1-25
2024-06-27 23:09:31,655 INFO o.a.j.t.JMeterThread: Thread started: Thread Group 1-35
2024-06-27 23:09:31,989 INFO o.a.j.t.JMeterThread: Thread started: Thread Group 1-36
2024-06-27 23:09:32,068 INFO o.a.j.t.JMeterThread: Thread is done: Thread Group 1-31
2024-06-27 23:09:32,068 INFO o.a.j.t.JMeterThread: Thread finished: Thread Group 1-31
2024-06-27 23:09:32,175 INFO o.a.j.t.JMeterThread: Thread is done: Thread Group 1-30
2024-06-27 23:09:32,175 INFO o.a.j.t.JMeterThread: Thread finished: Thread Group 1-30
2024-06-27 23:09:32,247 INFO o.a.j.t.JMeterThread: Thread is done: Thread Group 1-23
2024-06-27 23:09:32,247 INFO o.a.j.t.JMeterThread: Thread finished: Thread Group 1-23
2024-06-27 23:09:32,348 INFO o.a.j.t.JMeterThread: Thread started: Thread Group 1-37
2024-06-27 23:09:32,398 INFO o.a.j.t.JMeterThread: Thread is done: Thread Group 1-26
2024-06-27 23:09:32,399 INFO o.a.j.t.JMeterThread: Thread finished: Thread Group 1-26
2024-06-27 23:09:32,454 INFO o.a.j.t.JMeterThread: Thread is done: Thread Group 1-32
2024-06-27 23:09:32,454 INFO o.a.j.t.JMeterThread: Thread finished: Thread Group 1-32
2024-06-27 23:09:32,568 INFO o.a.j.t.JMeterThread: Thread is done: Thread Group 1-33
2024-06-27 23:09:32,568 INFO o.a.j.t.JMeterThread: Thread finished: Thread Group 1-33
2024-06-27 23:09:32,581 INFO o.a.j.t.JMeterThread: Thread is done: Thread Group 1-27
2024-06-27 23:09:32,582 INFO o.a.j.t.JMeterThread: Thread finished: Thread Group 1-27
2024-06-27 23:09:32,618 INFO o.a.j.t.JMeterThread: Thread is done: Thread Group 1-28
2024-06-27 23:09:32,618 INFO o.a.j.t.JMeterThread: Thread finished: Thread Group 1-28
2024-06-27 23:09:32,633 INFO o.a.j.t.JMeterThread: Thread is done: Thread Group 1-24
2024-06-27 23:09:32,633 INFO o.a.j.t.JMeterThread: Thread finished: Thread Group 1-24
2024-06-27 23:09:32,727 INFO o.a.j.t.JMeterThread: Thread started: Thread Group 1-38
2024-06-27 23:09:32,848 INFO o.a.j.t.JMeterThread: Thread is done: Thread Group 1-34
2024-06-27 23:09:32,848 INFO o.a.j.t.JMeterThread: Thread finished: Thread Group 1-34
2024-06-27 23:09:33,008 INFO o.a.j.t.JMeterThread: Thread is done: Thread Group 1-35
2024-06-27 23:09:33,008 INFO o.a.j.t.JMeterThread: Thread finished: Thread Group 1-35
2024-06-27 23:09:33,059 INFO o.a.j.t.JMeterThread: Thread started: Thread Group 1-39
2024-06-27 23:09:33,087 INFO o.a.j.t.ThreadGroup: Started thread group number 1
2024-06-27 23:09:33,088 INFO o.a.j.e.StandardJMeterEngine: All thread groups have been started
2024-06-27 23:09:33,137 INFO o.a.j.t.JMeterThread: Thread is done: Thread Group 1-36
2024-06-27 23:09:33,138 INFO o.a.j.t.JMeterThread: Thread finished: Thread Group 1-36
2024-06-27 23:09:33,240 INFO o.a.j.t.JMeterThread: Thread is done: Thread Group 1-37
2024-06-27 23:09:33,241 INFO o.a.j.t.JMeterThread: Thread finished: Thread Group 1-37
2024-06-27 23:09:33,449 INFO o.a.j.t.JMeterThread: Thread started: Thread Group 1-40
2024-06-27 23:09:33,593 INFO o.a.j.t.JMeterThread: Thread is done: Thread Group 1-38
2024-06-27 23:09:33,594 INFO o.a.j.t.JMeterThread: Thread finished: Thread Group 1-38
2024-06-27 23:09:33,725 INFO o.a.j.t.JMeterThread: Thread is done: Thread Group 1-39
2024-06-27 23:09:33,726 INFO o.a.j.t.JMeterThread: Thread finished: Thread Group 1-39
2024-06-27 23:09:33,745 INFO o.a.j.t.JMeterThread: Thread is done: Thread Group 1-22
2024-06-27 23:09:33,746 INFO o.a.j.t.JMeterThread: Thread finished: Thread Group 1-22
2024-06-27 23:09:33,868 INFO o.a.j.t.JMeterThread: Thread started: Thread Group 1-41
2024-06-27 23:09:34,169 INFO o.a.j.t.JMeterThread: Thread started: Thread Group 1-42
2024-06-27 23:09:34,207 INFO o.a.j.t.JMeterThread: Thread is done: Thread Group 1-40
2024-06-27 23:09:34,207 INFO o.a.j.t.JMeterThread: Thread finished: Thread Group 1-40
2024-06-27 23:09:34,529 INFO o.a.j.t.JMeterThread: Thread started: Thread Group 1-43
2024-06-27 23:09:34,692 INFO o.a.j.t.JMeterThread: Thread is done: Thread Group 1-41
2024-06-27 23:09:34,693 INFO o.a.j.t.JMeterThread: Thread finished: Thread Group 1-41
2024-06-27 23:09:34,927 INFO o.a.j.t.JMeterThread: Thread started: Thread Group 1-44
2024-06-27 23:09:35,011 INFO o.a.j.t.JMeterThread: Thread is done: Thread Group 1-42
2024-06-27 23:09:35,012 INFO o.a.j.t.JMeterThread: Thread finished: Thread Group 1-42
2024-06-27 23:09:35,289 INFO o.a.j.t.JMeterThread: Thread started: Thread Group 1-45
2024-06-27 23:09:35,571 INFO o.a.j.t.JMeterThread: Thread is done: Thread Group 1-43
2024-06-27 23:09:35,572 INFO o.a.j.t.JMeterThread: Thread finished: Thread Group 1-43
2024-06-27 23:09:35,644 INFO o.a.j.t.JMeterThread: Thread started: Thread Group 1-46
2024-06-27 23:09:35,843 INFO o.a.j.t.JMeterThread: Thread is done: Thread Group 1-44
2024-06-27 23:09:35,844 INFO o.a.j.t.JMeterThread: Thread finished: Thread Group 1-44
2024-06-27 23:09:35,965 INFO o.a.j.t.JMeterThread: Thread is done: Thread Group 1-45
2024-06-27 23:09:35,965 INFO o.a.j.t.JMeterThread: Thread finished: Thread Group 1-45
2024-06-27 23:09:36,030 INFO o.a.j.t.JMeterThread: Thread started: Thread Group 1-47
2024-06-27 23:09:36,305 INFO o.a.j.t.JMeterThread: Thread is done: Thread Group 1-46
2024-06-27 23:09:36,306 INFO o.a.j.t.JMeterThread: Thread finished: Thread Group 1-46
2024-06-27 23:09:36,413 INFO o.a.j.t.JMeterThread: Thread started: Thread Group 1-48
2024-06-27 23:09:36,696 INFO o.a.j.t.JMeterThread: Thread is done: Thread Group 1-47
2024-06-27 23:09:36,697 INFO o.a.j.t.JMeterThread: Thread finished: Thread Group 1-47
2024-06-27 23:09:36,769 INFO o.a.j.t.JMeterThread: Thread started: Thread Group 1-49
2024-06-27 23:09:37,096 INFO o.a.j.t.JMeterThread: Thread is done: Thread Group 1-48
2024-06-27 23:09:37,097 INFO o.a.j.t.JMeterThread: Thread finished: Thread Group 1-48
2024-06-27 23:09:37,157 INFO o.a.j.t.JMeterThread: Thread started: Thread Group 1-50
2024-06-27 23:09:37,421 INFO o.a.j.t.JMeterThread: Thread is done: Thread Group 1-49
2024-06-27 23:09:37,421 INFO o.a.j.t.JMeterThread: Thread finished: Thread Group 1-49
2024-06-27 23:09:37,497 INFO o.a.j.t.JMeterThread: Thread started: Thread Group 1-51
2024-06-27 23:09:37,891 INFO o.a.j.t.JMeterThread: Thread started: Thread Group 1-52
2024-06-27 23:09:37,902 INFO o.a.j.t.JMeterThread: Thread is done: Thread Group 1-50
2024-06-27 23:09:37,902 INFO o.a.j.t.JMeterThread: Thread finished: Thread Group 1-50
2024-06-27 23:09:38,208 INFO o.a.j.t.JMeterThread: Thread is done: Thread Group 1-51
2024-06-27 23:09:38,208 INFO o.a.j.t.JMeterThread: Thread finished: Thread Group 1-51
2024-06-27 23:09:38,235 INFO o.a.j.t.JMeterThread: Thread started: Thread Group 1-53
2024-06-27 23:09:38,595 INFO o.a.j.t.JMeterThread: Thread is done: Thread Group 1-52
2024-06-27 23:09:38,596 INFO o.a.j.t.JMeterThread: Thread finished: Thread Group 1-52
2024-06-27 23:09:38,599 INFO o.a.j.t.JMeterThread: Thread started: Thread Group 1-54
2024-06-27 23:09:38,914 INFO o.a.j.t.JMeterThread: Thread is done: Thread Group 1-53
2024-06-27 23:09:38,917 INFO o.a.j.t.JMeterThread: Thread finished: Thread Group 1-53
2024-06-27 23:09:38,970 INFO o.a.j.t.JMeterThread: Thread started: Thread Group 1-55
2024-06-27 23:09:39,325 INFO o.a.j.t.JMeterThread: Thread started: Thread Group 1-56
2024-06-27 23:09:39,329 INFO o.a.j.t.JMeterThread: Thread is done: Thread Group 1-54
2024-06-27 23:09:39,330 INFO o.a.j.t.JMeterThread: Thread finished: Thread Group 1-54
2024-06-27 23:09:39,687 INFO o.a.j.t.JMeterThread: Thread started: Thread Group 1-57
2024-06-27 23:09:39,755 INFO o.a.j.t.JMeterThread: Thread is done: Thread Group 1-55
2024-06-27 23:09:39,755 INFO o.a.j.t.JMeterThread: Thread finished: Thread Group 1-55
2024-06-27 23:09:40,043 INFO o.a.j.t.JMeterThread: Thread started: Thread Group 1-58
2024-06-27 23:09:40,373 INFO o.a.j.t.JMeterThread: Thread is done: Thread Group 1-56
2024-06-27 23:09:40,374 INFO o.a.j.t.JMeterThread: Thread finished: Thread Group 1-56
2024-06-27 23:09:40,409 INFO o.a.j.t.JMeterThread: Thread started: Thread Group 1-59
2024-06-27 23:09:40,760 INFO o.a.j.t.JMeterThread: Thread started: Thread Group 1-60
2024-06-27 23:09:41,242 INFO o.a.j.t.JMeterThread: Thread started: Thread Group 1-61
2024-06-27 23:09:41,477 INFO o.a.j.t.JMeterThread: Thread is done: Thread Group 1-57
2024-06-27 23:09:41,477 INFO o.a.j.t.JMeterThread: Thread finished: Thread Group 1-57
2024-06-27 23:09:41,600 INFO o.a.j.t.JMeterThread: Thread started: Thread Group 1-62
2024-06-27 23:09:41,833 INFO o.a.j.t.JMeterThread: Thread started: Thread Group 1-63
2024-06-27 23:09:42,093 INFO o.a.j.t.JMeterThread: Thread is done: Thread Group 1-58
2024-06-27 23:09:42,094 INFO o.a.j.t.JMeterThread: Thread finished: Thread Group 1-58
2024-06-27 23:09:42,310 INFO o.a.j.t.JMeterThread: Thread started: Thread Group 1-64
2024-06-27 23:09:42,440 INFO o.a.j.t.JMeterThread: Thread is done: Thread Group 1-59
2024-06-27 23:09:42,441 INFO o.a.j.t.JMeterThread: Thread finished: Thread Group 1-59
2024-06-27 23:09:42,543 INFO o.a.j.t.JMeterThread: Thread is done: Thread Group 1-60
2024-06-27 23:09:42,544 INFO o.a.j.t.JMeterThread: Thread finished: Thread Group 1-60
2024-06-27 23:09:42,670 INFO o.a.j.t.JMeterThread: Thread started: Thread Group 1-65
2024-06-27 23:09:42,837 INFO o.a.j.t.JMeterThread: Thread is done: Thread Group 1-61
2024-06-27 23:09:42,837 INFO o.a.j.t.JMeterThread: Thread finished: Thread Group 1-61
2024-06-27 23:09:42,916 INFO o.a.j.t.JMeterThread: Thread is done: Thread Group 1-62
2024-06-27 23:09:42,916 INFO o.a.j.t.JMeterThread: Thread finished: Thread Group 1-62
2024-06-27 23:09:43,029 INFO o.a.j.t.JMeterThread: Thread started: Thread Group 1-66
2024-06-27 23:09:43,134 INFO o.a.j.t.JMeterThread: Thread is done: Thread Group 1-63
2024-06-27 23:09:43,134 INFO o.a.j.t.JMeterThread: Thread finished: Thread Group 1-63
2024-06-27 23:09:43,221 INFO o.a.j.t.JMeterThread: Thread is done: Thread Group 1-64
2024-06-27 23:09:43,222 INFO o.a.j.t.JMeterThread: Thread finished: Thread Group 1-64
2024-06-27 23:09:43,386 INFO o.a.j.t.JMeterThread: Thread started: Thread Group 1-67
2024-06-27 23:09:43,668 INFO o.a.j.t.JMeterThread: Thread is done: Thread Group 1-65
2024-06-27 23:09:43,668 INFO o.a.j.t.JMeterThread: Thread finished: Thread Group 1-65
2024-06-27 23:09:43,747 INFO o.a.j.t.JMeterThread: Thread started: Thread Group 1-68
2024-06-27 23:09:43,829 INFO o.a.j.t.JMeterThread: Thread is done: Thread Group 1-66
2024-06-27 23:09:43,829 INFO o.a.j.t.JMeterThread: Thread finished: Thread Group 1-66
2024-06-27 23:09:44,105 INFO o.a.j.t.JMeterThread: Thread started: Thread Group 1-69
2024-06-27 23:09:44,140 INFO o.a.j.t.JMeterThread: Thread is done: Thread Group 1-67
2024-06-27 23:09:44,141 INFO o.a.j.t.JMeterThread: Thread finished: Thread Group 1-67
2024-06-27 23:09:44,459 INFO o.a.j.t.JMeterThread: Thread started: Thread Group 1-70
2024-06-27 23:09:44,704 INFO o.a.j.t.JMeterThread: Thread started: Thread Group 1-71
2024-06-27 23:09:45,059 INFO o.a.j.t.JMeterThread: Thread started: Thread Group 1-72
2024-06-27 23:09:45,102 INFO o.a.j.t.JMeterThread: Thread is done: Thread Group 1-69
2024-06-27 23:09:45,102 INFO o.a.j.t.JMeterThread: Thread finished: Thread Group 1-69
2024-06-27 23:09:45,142 INFO o.a.j.t.JMeterThread: Thread is done: Thread Group 1-68
2024-06-27 23:09:45,142 INFO o.a.j.t.JMeterThread: Thread finished: Thread Group 1-68
2024-06-27 23:09:45,283 INFO o.a.j.t.JMeterThread: Thread is done: Thread Group 1-70
2024-06-27 23:09:45,284 INFO o.a.j.t.JMeterThread: Thread finished: Thread Group 1-70
2024-06-27 23:09:45,427 INFO o.a.j.t.JMeterThread: Thread started: Thread Group 1-73
2024-06-27 23:09:45,455 INFO o.a.j.t.JMeterThread: Thread is done: Thread Group 1-71
2024-06-27 23:09:45,456 INFO o.a.j.t.JMeterThread: Thread finished: Thread Group 1-71
2024-06-27 23:09:45,781 INFO o.a.j.t.JMeterThread: Thread started: Thread Group 1-74
2024-06-27 23:09:45,809 INFO o.a.j.t.JMeterThread: Thread is done: Thread Group 1-72
2024-06-27 23:09:45,809 INFO o.a.j.t.JMeterThread: Thread finished: Thread Group 1-72
2024-06-27 23:09:46,140 INFO o.a.j.t.JMeterThread: Thread is done: Thread Group 1-73
2024-06-27 23:09:46,141 INFO o.a.j.t.JMeterThread: Thread finished: Thread Group 1-73
2024-06-27 23:09:46,147 INFO o.a.j.t.JMeterThread: Thread started: Thread Group 1-75
2024-06-27 23:09:46,496 INFO o.a.j.t.JMeterThread: Thread started: Thread Group 1-76
2024-06-27 23:09:46,682 INFO o.a.j.t.JMeterThread: Thread is done: Thread Group 1-74
2024-06-27 23:09:46,682 INFO o.a.j.t.JMeterThread: Thread finished: Thread Group 1-74
2024-06-27 23:09:46,859 INFO o.a.j.t.JMeterThread: Thread started: Thread Group 1-77
2024-06-27 23:09:47,006 INFO o.a.j.t.JMeterThread: Thread is done: Thread Group 1-75
2024-06-27 23:09:47,006 INFO o.a.j.t.JMeterThread: Thread finished: Thread Group 1-75
2024-06-27 23:09:47,215 INFO o.a.j.t.JMeterThread: Thread started: Thread Group 1-78
2024-06-27 23:09:47,258 INFO o.a.j.t.JMeterThread: Thread is done: Thread Group 1-76
2024-06-27 23:09:47,258 INFO o.a.j.t.JMeterThread: Thread finished: Thread Group 1-76
2024-06-27 23:09:47,574 INFO o.a.j.t.JMeterThread: Thread started: Thread Group 1-79
2024-06-27 23:09:47,791 INFO o.a.j.t.JMeterThread: Thread is done: Thread Group 1-77
2024-06-27 23:09:47,791 INFO o.a.j.t.JMeterThread: Thread finished: Thread Group 1-77
2024-06-27 23:09:47,934 INFO o.a.j.t.JMeterThread: Thread started: Thread Group 1-80
2024-06-27 23:09:48,294 INFO o.a.j.t.JMeterThread: Thread started: Thread Group 1-81
2024-06-27 23:09:48,640 INFO o.a.j.t.JMeterThread: Thread is done: Thread Group 1-80
2024-06-27 23:09:48,641 INFO o.a.j.t.JMeterThread: Thread finished: Thread Group 1-80
2024-06-27 23:09:48,652 INFO o.a.j.t.JMeterThread: Thread started: Thread Group 1-82
2024-06-27 23:09:49,012 INFO o.a.j.t.JMeterThread: Thread started: Thread Group 1-83
2024-06-27 23:09:49,062 INFO o.a.j.t.JMeterThread: Thread is done: Thread Group 1-78
2024-06-27 23:09:49,063 INFO o.a.j.t.JMeterThread: Thread finished: Thread Group 1-78
2024-06-27 23:09:49,128 INFO o.a.j.t.JMeterThread: Thread is done: Thread Group 1-81
2024-06-27 23:09:49,129 INFO o.a.j.t.JMeterThread: Thread finished: Thread Group 1-81
2024-06-27 23:09:49,368 INFO o.a.j.t.JMeterThread: Thread started: Thread Group 1-84
2024-06-27 23:09:49,434 INFO o.a.j.t.JMeterThread: Thread is done: Thread Group 1-82
2024-06-27 23:09:49,435 INFO o.a.j.t.JMeterThread: Thread finished: Thread Group 1-82
2024-06-27 23:09:49,764 INFO o.a.j.t.JMeterThread: Thread is done: Thread Group 1-83
2024-06-27 23:09:49,764 INFO o.a.j.t.JMeterThread: Thread finished: Thread Group 1-83
2024-06-27 23:09:49,842 INFO o.a.j.t.JMeterThread: Thread started: Thread Group 1-85
2024-06-27 23:09:50,050 INFO o.a.j.t.JMeterThread: Thread is done: Thread Group 1-84
2024-06-27 23:09:50,050 INFO o.a.j.t.JMeterThread: Thread finished: Thread Group 1-84
2024-06-27 23:09:50,090 INFO o.a.j.t.JMeterThread: Thread started: Thread Group 1-86
2024-06-27 23:09:50,351 INFO o.a.j.t.JMeterThread: Thread is done: Thread Group 1-79
2024-06-27 23:09:50,352 INFO o.a.j.t.JMeterThread: Thread finished: Thread Group 1-79
2024-06-27 23:09:50,487 INFO o.a.j.t.JMeterThread: Thread started: Thread Group 1-87
2024-06-27 23:09:50,577 INFO o.a.j.t.JMeterThread: Thread is done: Thread Group 1-85
2024-06-27 23:09:50,578 INFO o.a.j.t.JMeterThread: Thread finished: Thread Group 1-85
2024-06-27 23:09:50,768 INFO o.a.j.t.JMeterThread: Thread is done: Thread Group 1-86
2024-06-27 23:09:50,769 INFO o.a.j.t.JMeterThread: Thread finished: Thread Group 1-86
2024-06-27 23:09:50,806 INFO o.a.j.t.JMeterThread: Thread started: Thread Group 1-88
2024-06-27 23:09:51,163 INFO o.a.j.t.JMeterThread: Thread started: Thread Group 1-89
2024-06-27 23:09:51,636 INFO o.a.j.t.JMeterThread: Thread started: Thread Group 1-90
2024-06-27 23:09:51,996 INFO o.a.j.t.JMeterThread: Thread started: Thread Group 1-91
2024-06-27 23:09:52,359 INFO o.a.j.t.JMeterThread: Thread started: Thread Group 1-92
2024-06-27 23:09:52,395 INFO o.a.j.t.JMeterThread: Thread is done: Thread Group 1-87
2024-06-27 23:09:52,404 INFO o.a.j.t.JMeterThread: Thread finished: Thread Group 1-87
2024-06-27 23:09:52,603 INFO o.a.j.t.JMeterThread: Thread started: Thread Group 1-93
2024-06-27 23:09:53,074 INFO o.a.j.t.JMeterThread: Thread started: Thread Group 1-94
2024-06-27 23:09:53,434 INFO o.a.j.t.JMeterThread: Thread started: Thread Group 1-95
2024-06-27 23:09:53,682 INFO o.a.j.t.JMeterThread: Thread started: Thread Group 1-96
2024-06-27 23:09:54,041 INFO o.a.j.t.JMeterThread: Thread started: Thread Group 1-97
2024-06-27 23:09:54,510 INFO o.a.j.t.JMeterThread: Thread started: Thread Group 1-98
2024-06-27 23:09:54,758 INFO o.a.j.t.JMeterThread: Thread started: Thread Group 1-99
2024-06-27 23:09:55,186 INFO o.a.j.t.JMeterThread: Thread started: Thread Group 1-100
2024-06-27 23:09:55,503 INFO o.a.j.t.JMeterThread: Thread started: Thread Group 1-101
2024-06-27 23:09:55,946 INFO o.a.j.t.JMeterThread: Thread started: Thread Group 1-102
2024-06-27 23:09:56,260 INFO o.a.j.t.JMeterThread: Thread started: Thread Group 1-103
2024-06-27 23:09:56,574 INFO o.a.j.t.JMeterThread: Thread started: Thread Group 1-104
2024-06-27 23:09:56,969 INFO o.a.j.t.JMeterThread: Thread started: Thread Group 1-105
2024-06-27 23:09:57,339 INFO o.a.j.t.JMeterThread: Thread started: Thread Group 1-106
2024-06-27 23:09:57,643 INFO o.a.j.t.JMeterThread: Thread started: Thread Group 1-107
2024-06-27 23:09:57,922 INFO o.a.j.t.JMeterThread: Thread is done: Thread Group 1-90
2024-06-27 23:09:57,922 INFO o.a.j.t.JMeterThread: Thread finished: Thread Group 1-90
2024-06-27 23:09:58,061 INFO o.a.j.t.JMeterThread: Thread started: Thread Group 1-108
2024-06-27 23:09:58,153 INFO o.a.j.t.JMeterThread: Thread is done: Thread Group 1-91
2024-06-27 23:09:58,154 INFO o.a.j.t.JMeterThread: Thread finished: Thread Group 1-91
2024-06-27 23:09:58,273 INFO o.a.j.t.JMeterThread: Thread is done: Thread Group 1-89
2024-06-27 23:09:58,274 INFO o.a.j.t.JMeterThread: Thread finished: Thread Group 1-89
2024-06-27 23:09:58,295 INFO o.a.j.t.JMeterThread: Thread is done: Thread Group 1-92
2024-06-27 23:09:58,296 INFO o.a.j.t.JMeterThread: Thread finished: Thread Group 1-92
2024-06-27 23:09:58,424 INFO o.a.j.t.JMeterThread: Thread started: Thread Group 1-109
2024-06-27 23:09:58,779 INFO o.a.j.t.JMeterThread: Thread started: Thread Group 1-110
2024-06-27 23:09:59,130 INFO o.a.j.t.JMeterThread: Thread is done: Thread Group 1-105
2024-06-27 23:09:59,131 INFO o.a.j.t.JMeterThread: Thread finished: Thread Group 1-105
2024-06-27 23:09:59,138 INFO o.a.j.t.JMeterThread: Thread started: Thread Group 1-111
2024-06-27 23:09:59,235 INFO o.a.j.t.JMeterThread: Thread is done: Thread Group 1-101
2024-06-27 23:09:59,243 INFO o.a.j.t.JMeterThread: Thread finished: Thread Group 1-101
2024-06-27 23:09:59,295 INFO o.a.j.t.JMeterThread: Thread is done: Thread Group 1-106
2024-06-27 23:09:59,295 INFO o.a.j.t.JMeterThread: Thread finished: Thread Group 1-106
2024-06-27 23:09:59,400 INFO o.a.j.t.JMeterThread: Thread is done: Thread Group 1-104
2024-06-27 23:09:59,401 INFO o.a.j.t.JMeterThread: Thread finished: Thread Group 1-104
2024-06-27 23:09:59,442 INFO o.a.j.t.JMeterThread: Thread is done: Thread Group 1-88
2024-06-27 23:09:59,442 INFO o.a.j.t.JMeterThread: Thread finished: Thread Group 1-88
2024-06-27 23:09:59,504 INFO o.a.j.t.JMeterThread: Thread started: Thread Group 1-112
2024-06-27 23:09:59,865 INFO o.a.j.t.JMeterThread: Thread started: Thread Group 1-113
2024-06-27 23:10:00,105 INFO o.a.j.r.Summariser: summary +     88 in 00:00:30 =    2.9/s Avg:  2712 Min:   648 Max: 10503 Err:     0 (0.00%) Active: 17 Started: 113 Finished: 96
2024-06-27 23:10:00,107 INFO o.a.j.r.Summariser: summary =     97 in 00:00:41 =    2.4/s Avg:  2966 Min:   648 Max: 10503 Err:     0 (0.00%)
2024-06-27 23:10:00,109 INFO o.a.j.t.JMeterThread: Thread is done: Thread Group 1-108
2024-06-27 23:10:00,110 INFO o.a.j.t.JMeterThread: Thread finished: Thread Group 1-108
2024-06-27 23:10:00,211 INFO o.a.j.t.JMeterThread: Thread is done: Thread Group 1-107
2024-06-27 23:10:00,212 INFO o.a.j.t.JMeterThread: Thread finished: Thread Group 1-107
2024-06-27 23:10:00,233 INFO o.a.j.t.JMeterThread: Thread is done: Thread Group 1-93
2024-06-27 23:10:00,233 INFO o.a.j.t.JMeterThread: Thread finished: Thread Group 1-93
2024-06-27 23:10:00,240 INFO o.a.j.t.JMeterThread: Thread started: Thread Group 1-114
2024-06-27 23:10:00,314 INFO o.a.j.t.JMeterThread: Thread is done: Thread Group 1-94
2024-06-27 23:10:00,314 INFO o.a.j.t.JMeterThread: Thread finished: Thread Group 1-94
2024-06-27 23:10:00,325 INFO o.a.j.t.JMeterThread: Thread is done: Thread Group 1-95
2024-06-27 23:10:00,325 INFO o.a.j.t.JMeterThread: Thread finished: Thread Group 1-95
2024-06-27 23:10:00,329 INFO o.a.j.t.JMeterThread: Thread is done: Thread Group 1-96
2024-06-27 23:10:00,329 INFO o.a.j.t.JMeterThread: Thread finished: Thread Group 1-96
2024-06-27 23:10:00,334 INFO o.a.j.t.JMeterThread: Thread is done: Thread Group 1-97
2024-06-27 23:10:00,334 INFO o.a.j.t.JMeterThread: Thread finished: Thread Group 1-97
2024-06-27 23:10:00,354 INFO o.a.j.t.JMeterThread: Thread is done: Thread Group 1-98
2024-06-27 23:10:00,354 INFO o.a.j.t.JMeterThread: Thread finished: Thread Group 1-98
2024-06-27 23:10:00,377 INFO o.a.j.t.JMeterThread: Thread is done: Thread Group 1-103
2024-06-27 23:10:00,377 INFO o.a.j.t.JMeterThread: Thread finished: Thread Group 1-103
2024-06-27 23:10:00,406 INFO o.a.j.t.JMeterThread: Thread is done: Thread Group 1-99
2024-06-27 23:10:00,406 INFO o.a.j.t.JMeterThread: Thread finished: Thread Group 1-99
2024-06-27 23:10:00,479 INFO o.a.j.t.JMeterThread: Thread is done: Thread Group 1-102
2024-06-27 23:10:00,479 INFO o.a.j.t.JMeterThread: Thread finished: Thread Group 1-102
2024-06-27 23:10:00,590 INFO o.a.j.t.JMeterThread: Thread started: Thread Group 1-115
2024-06-27 23:10:00,766 INFO o.a.j.t.JMeterThread: Thread is done: Thread Group 1-110
2024-06-27 23:10:00,767 INFO o.a.j.t.JMeterThread: Thread finished: Thread Group 1-110
2024-06-27 23:10:00,889 INFO o.a.j.t.JMeterThread: Thread is done: Thread Group 1-100
2024-06-27 23:10:00,889 INFO o.a.j.t.JMeterThread: Thread finished: Thread Group 1-100
2024-06-27 23:10:00,911 INFO o.a.j.t.JMeterThread: Thread started: Thread Group 1-116
2024-06-27 23:10:01,043 INFO o.a.j.t.JMeterThread: Thread is done: Thread Group 1-111
2024-06-27 23:10:01,043 INFO o.a.j.t.JMeterThread: Thread finished: Thread Group 1-111
2024-06-27 23:10:01,196 INFO o.a.j.t.JMeterThread: Thread is done: Thread Group 1-112
2024-06-27 23:10:01,196 INFO o.a.j.t.JMeterThread: Thread finished: Thread Group 1-112
2024-06-27 23:10:01,313 INFO o.a.j.t.JMeterThread: Thread started: Thread Group 1-117
2024-06-27 23:10:01,348 INFO o.a.j.t.JMeterThread: Thread is done: Thread Group 1-113
2024-06-27 23:10:01,348 INFO o.a.j.t.JMeterThread: Thread finished: Thread Group 1-113
2024-06-27 23:10:01,511 INFO o.a.j.t.JMeterThread: Thread is done: Thread Group 1-114
2024-06-27 23:10:01,511 INFO o.a.j.t.JMeterThread: Thread finished: Thread Group 1-114
2024-06-27 23:10:01,678 INFO o.a.j.t.JMeterThread: Thread started: Thread Group 1-118
2024-06-27 23:10:01,777 INFO o.a.j.t.JMeterThread: Thread is done: Thread Group 1-115
2024-06-27 23:10:01,777 INFO o.a.j.t.JMeterThread: Thread finished: Thread Group 1-115
2024-06-27 23:10:01,931 INFO o.a.j.t.JMeterThread: Thread is done: Thread Group 1-116
2024-06-27 23:10:01,931 INFO o.a.j.t.JMeterThread: Thread finished: Thread Group 1-116
2024-06-27 23:10:02,033 INFO o.a.j.t.JMeterThread: Thread started: Thread Group 1-119
2024-06-27 23:10:02,391 INFO o.a.j.t.JMeterThread: Thread started: Thread Group 1-120
2024-06-27 23:10:02,752 INFO o.a.j.t.JMeterThread: Thread started: Thread Group 1-121
2024-06-27 23:10:02,826 INFO o.a.j.t.JMeterThread: Thread is done: Thread Group 1-118
2024-06-27 23:10:02,826 INFO o.a.j.t.JMeterThread: Thread finished: Thread Group 1-118
2024-06-27 23:10:03,108 INFO o.a.j.t.JMeterThread: Thread started: Thread Group 1-122
2024-06-27 23:10:03,341 INFO o.a.j.t.JMeterThread: Thread is done: Thread Group 1-117
2024-06-27 23:10:03,342 INFO o.a.j.t.JMeterThread: Thread finished: Thread Group 1-117
2024-06-27 23:10:03,472 INFO o.a.j.t.JMeterThread: Thread started: Thread Group 1-123
2024-06-27 23:10:03,827 INFO o.a.j.t.JMeterThread: Thread started: Thread Group 1-124
2024-06-27 23:10:04,187 INFO o.a.j.t.JMeterThread: Thread started: Thread Group 1-125
2024-06-27 23:10:04,506 INFO o.a.j.t.JMeterThread: Thread is done: Thread Group 1-119
2024-06-27 23:10:04,507 INFO o.a.j.t.JMeterThread: Thread finished: Thread Group 1-119
2024-06-27 23:10:04,546 INFO o.a.j.t.JMeterThread: Thread started: Thread Group 1-126
2024-06-27 23:10:04,906 INFO o.a.j.t.JMeterThread: Thread started: Thread Group 1-127
2024-06-27 23:10:05,265 INFO o.a.j.t.JMeterThread: Thread started: Thread Group 1-128
2024-06-27 23:10:05,399 INFO o.a.j.t.JMeterThread: Thread is done: Thread Group 1-120
2024-06-27 23:10:05,399 INFO o.a.j.t.JMeterThread: Thread finished: Thread Group 1-120
2024-06-27 23:10:05,485 INFO o.a.j.t.JMeterThread: Thread is done: Thread Group 1-121
2024-06-27 23:10:05,486 INFO o.a.j.t.JMeterThread: Thread finished: Thread Group 1-121
2024-06-27 23:10:05,507 INFO o.a.j.t.JMeterThread: Thread is done: Thread Group 1-109
2024-06-27 23:10:05,507 INFO o.a.j.t.JMeterThread: Thread finished: Thread Group 1-109
2024-06-27 23:10:05,514 INFO o.a.j.t.JMeterThread: Thread is done: Thread Group 1-122
2024-06-27 23:10:05,514 INFO o.a.j.t.JMeterThread: Thread finished: Thread Group 1-122
2024-06-27 23:10:05,625 INFO o.a.j.t.JMeterThread: Thread started: Thread Group 1-129
2024-06-27 23:10:05,805 INFO o.a.j.t.JMeterThread: Thread is done: Thread Group 1-123
2024-06-27 23:10:05,805 INFO o.a.j.t.JMeterThread: Thread finished: Thread Group 1-123
2024-06-27 23:10:05,959 INFO o.a.j.t.JMeterThread: Thread is done: Thread Group 1-124
2024-06-27 23:10:05,959 INFO o.a.j.t.JMeterThread: Thread finished: Thread Group 1-124
2024-06-27 23:10:06,012 INFO o.a.j.t.JMeterThread: Thread started: Thread Group 1-130
2024-06-27 23:10:06,067 INFO o.a.j.t.JMeterThread: Thread is done: Thread Group 1-126
2024-06-27 23:10:06,067 INFO o.a.j.t.JMeterThread: Thread finished: Thread Group 1-126
2024-06-27 23:10:06,149 INFO o.a.j.t.JMeterThread: Thread is done: Thread Group 1-127
2024-06-27 23:10:06,150 INFO o.a.j.t.JMeterThread: Thread finished: Thread Group 1-127
2024-06-27 23:10:06,291 INFO o.a.j.t.JMeterThread: Thread is done: Thread Group 1-128
2024-06-27 23:10:06,291 INFO o.a.j.t.JMeterThread: Thread finished: Thread Group 1-128
2024-06-27 23:10:06,344 INFO o.a.j.t.JMeterThread: Thread started: Thread Group 1-131
2024-06-27 23:10:06,440 INFO o.a.j.t.JMeterThread: Thread is done: Thread Group 1-129
2024-06-27 23:10:06,441 INFO o.a.j.t.JMeterThread: Thread finished: Thread Group 1-129
2024-06-27 23:10:06,448 INFO o.a.j.t.JMeterThread: Thread is done: Thread Group 1-125
2024-06-27 23:10:06,448 INFO o.a.j.t.JMeterThread: Thread finished: Thread Group 1-125
2024-06-27 23:10:06,699 INFO o.a.j.t.JMeterThread: Thread started: Thread Group 1-132
2024-06-27 23:10:06,703 INFO o.a.j.t.JMeterThread: Thread is done: Thread Group 1-130
2024-06-27 23:10:06,703 INFO o.a.j.t.JMeterThread: Thread finished: Thread Group 1-130
2024-06-27 23:10:07,009 INFO o.a.j.t.JMeterThread: Thread is done: Thread Group 1-131
2024-06-27 23:10:07,009 INFO o.a.j.t.JMeterThread: Thread finished: Thread Group 1-131
2024-06-27 23:10:07,015 INFO o.a.j.t.JMeterThread: Thread started: Thread Group 1-133
2024-06-27 23:10:07,357 INFO o.a.j.t.JMeterThread: Thread is done: Thread Group 1-132
2024-06-27 23:10:07,357 INFO o.a.j.t.JMeterThread: Thread finished: Thread Group 1-132
2024-06-27 23:10:07,436 INFO o.a.j.t.JMeterThread: Thread started: Thread Group 1-134
2024-06-27 23:10:07,683 INFO o.a.j.t.JMeterThread: Thread is done: Thread Group 1-133
2024-06-27 23:10:07,684 INFO o.a.j.t.JMeterThread: Thread finished: Thread Group 1-133
2024-06-27 23:10:07,778 INFO o.a.j.t.JMeterThread: Thread started: Thread Group 1-135
2024-06-27 23:10:08,082 INFO o.a.j.t.JMeterThread: Thread is done: Thread Group 1-134
2024-06-27 23:10:08,082 INFO o.a.j.t.JMeterThread: Thread finished: Thread Group 1-134
2024-06-27 23:10:08,137 INFO o.a.j.t.JMeterThread: Thread started: Thread Group 1-136
2024-06-27 23:10:08,439 INFO o.a.j.t.JMeterThread: Thread is done: Thread Group 1-135
2024-06-27 23:10:08,439 INFO o.a.j.t.JMeterThread: Thread finished: Thread Group 1-135
2024-06-27 23:10:08,496 INFO o.a.j.t.JMeterThread: Thread started: Thread Group 1-137
2024-06-27 23:10:08,789 INFO o.a.j.t.JMeterThread: Thread is done: Thread Group 1-136
2024-06-27 23:10:08,789 INFO o.a.j.t.JMeterThread: Thread finished: Thread Group 1-136
2024-06-27 23:10:08,856 INFO o.a.j.t.JMeterThread: Thread started: Thread Group 1-138
2024-06-27 23:10:09,173 INFO o.a.j.t.JMeterThread: Thread started: Thread Group 1-139
2024-06-27 23:10:09,200 INFO o.a.j.t.JMeterThread: Thread is done: Thread Group 1-137
2024-06-27 23:10:09,201 INFO o.a.j.t.JMeterThread: Thread finished: Thread Group 1-137
2024-06-27 23:10:09,544 INFO o.a.j.t.JMeterThread: Thread is done: Thread Group 1-138
2024-06-27 23:10:09,544 INFO o.a.j.t.JMeterThread: Thread finished: Thread Group 1-138
2024-06-27 23:10:09,563 INFO o.a.j.t.JMeterThread: Thread started: Thread Group 1-140
2024-06-27 23:10:09,879 INFO o.a.j.t.JMeterThread: Thread is done: Thread Group 1-139
2024-06-27 23:10:09,880 INFO o.a.j.t.JMeterThread: Thread finished: Thread Group 1-139
2024-06-27 23:10:09,924 INFO o.a.j.t.JMeterThread: Thread started: Thread Group 1-141
2024-06-27 23:10:10,191 INFO o.a.j.t.JMeterThread: Thread is done: Thread Group 1-140
2024-06-27 23:10:10,192 INFO o.a.j.t.JMeterThread: Thread finished: Thread Group 1-140
2024-06-27 23:10:10,284 INFO o.a.j.t.JMeterThread: Thread started: Thread Group 1-142
2024-06-27 23:10:10,546 INFO o.a.j.t.JMeterThread: Thread is done: Thread Group 1-141
2024-06-27 23:10:10,552 INFO o.a.j.t.JMeterThread: Thread finished: Thread Group 1-141
2024-06-27 23:10:10,639 INFO o.a.j.t.JMeterThread: Thread started: Thread Group 1-143
2024-06-27 23:10:10,973 INFO o.a.j.t.JMeterThread: Thread started: Thread Group 1-144
2024-06-27 23:10:11,002 INFO o.a.j.t.JMeterThread: Thread is done: Thread Group 1-142
2024-06-27 23:10:11,002 INFO o.a.j.t.JMeterThread: Thread finished: Thread Group 1-142
2024-06-27 23:10:11,294 INFO o.a.j.t.JMeterThread: Thread started: Thread Group 1-145
2024-06-27 23:10:11,313 INFO o.a.j.t.JMeterThread: Thread is done: Thread Group 1-143
2024-06-27 23:10:11,314 INFO o.a.j.t.JMeterThread: Thread finished: Thread Group 1-143
2024-06-27 23:10:11,594 INFO o.a.j.t.JMeterThread: Thread is done: Thread Group 1-144
2024-06-27 23:10:11,594 INFO o.a.j.t.JMeterThread: Thread finished: Thread Group 1-144
2024-06-27 23:10:11,693 INFO o.a.j.t.JMeterThread: Thread started: Thread Group 1-146
2024-06-27 23:10:11,898 INFO o.a.j.t.JMeterThread: Thread is done: Thread Group 1-145
2024-06-27 23:10:11,899 INFO o.a.j.t.JMeterThread: Thread finished: Thread Group 1-145
2024-06-27 23:10:12,052 INFO o.a.j.t.JMeterThread: Thread started: Thread Group 1-147
2024-06-27 23:10:12,410 INFO o.a.j.t.JMeterThread: Thread started: Thread Group 1-148
2024-06-27 23:10:12,472 INFO o.a.j.t.JMeterThread: Thread is done: Thread Group 1-146
2024-06-27 23:10:12,472 INFO o.a.j.t.JMeterThread: Thread finished: Thread Group 1-146
2024-06-27 23:10:12,739 INFO o.a.j.t.JMeterThread: Thread started: Thread Group 1-149
2024-06-27 23:10:12,995 INFO o.a.j.t.JMeterThread: Thread is done: Thread Group 1-147
2024-06-27 23:10:12,995 INFO o.a.j.t.JMeterThread: Thread finished: Thread Group 1-147
2024-06-27 23:10:13,143 INFO o.a.j.t.JMeterThread: Thread started: Thread Group 1-150
2024-06-27 23:10:13,463 INFO o.a.j.t.JMeterThread: Thread started: Thread Group 1-151
2024-06-27 23:10:13,605 INFO o.a.j.t.JMeterThread: Thread is done: Thread Group 1-149
2024-06-27 23:10:13,605 INFO o.a.j.t.JMeterThread: Thread finished: Thread Group 1-149
2024-06-27 23:10:13,668 INFO o.a.j.t.JMeterThread: Thread is done: Thread Group 1-148
2024-06-27 23:10:13,669 INFO o.a.j.t.JMeterThread: Thread finished: Thread Group 1-148
2024-06-27 23:10:13,852 INFO o.a.j.t.JMeterThread: Thread started: Thread Group 1-152
2024-06-27 23:10:13,924 INFO o.a.j.t.JMeterThread: Thread is done: Thread Group 1-150
2024-06-27 23:10:13,924 INFO o.a.j.t.JMeterThread: Thread finished: Thread Group 1-150
2024-06-27 23:10:14,136 INFO o.a.j.t.JMeterThread: Thread started: Thread Group 1-153
2024-06-27 23:10:14,215 INFO o.a.j.t.JMeterThread: Thread is done: Thread Group 1-151
2024-06-27 23:10:14,216 INFO o.a.j.t.JMeterThread: Thread finished: Thread Group 1-151
2024-06-27 23:10:14,495 INFO o.a.j.t.JMeterThread: Thread started: Thread Group 1-154
2024-06-27 23:10:14,525 INFO o.a.j.t.JMeterThread: Thread is done: Thread Group 1-152
2024-06-27 23:10:14,525 INFO o.a.j.t.JMeterThread: Thread finished: Thread Group 1-152
2024-06-27 23:10:14,785 INFO o.a.j.t.JMeterThread: Thread is done: Thread Group 1-153
2024-06-27 23:10:14,785 INFO o.a.j.t.JMeterThread: Thread finished: Thread Group 1-153
2024-06-27 23:10:14,878 INFO o.a.j.t.JMeterThread: Thread started: Thread Group 1-155
2024-06-27 23:10:15,174 INFO o.a.j.t.JMeterThread: Thread is done: Thread Group 1-154
2024-06-27 23:10:15,174 INFO o.a.j.t.JMeterThread: Thread finished: Thread Group 1-154
2024-06-27 23:10:15,218 INFO o.a.j.t.JMeterThread: Thread started: Thread Group 1-156
2024-06-27 23:10:15,575 INFO o.a.j.t.JMeterThread: Thread started: Thread Group 1-157
2024-06-27 23:10:15,579 INFO o.a.j.t.JMeterThread: Thread is done: Thread Group 1-155
2024-06-27 23:10:15,579 INFO o.a.j.t.JMeterThread: Thread finished: Thread Group 1-155
2024-06-27 23:10:15,839 INFO o.a.j.t.JMeterThread: Thread is done: Thread Group 1-156
2024-06-27 23:10:15,839 INFO o.a.j.t.JMeterThread: Thread finished: Thread Group 1-156
2024-06-27 23:10:15,934 INFO o.a.j.t.JMeterThread: Thread started: Thread Group 1-158
2024-06-27 23:10:16,236 INFO o.a.j.t.JMeterThread: Thread is done: Thread Group 1-157
2024-06-27 23:10:16,236 INFO o.a.j.t.JMeterThread: Thread finished: Thread Group 1-157
2024-06-27 23:10:16,291 INFO o.a.j.t.JMeterThread: Thread started: Thread Group 1-159
2024-06-27 23:10:16,607 INFO o.a.j.t.JMeterThread: Thread is done: Thread Group 1-158
2024-06-27 23:10:16,607 INFO o.a.j.t.JMeterThread: Thread finished: Thread Group 1-158
2024-06-27 23:10:16,650 INFO o.a.j.t.JMeterThread: Thread started: Thread Group 1-160
2024-06-27 23:10:16,893 INFO o.a.j.t.JMeterThread: Thread is done: Thread Group 1-159
2024-06-27 23:10:16,893 INFO o.a.j.t.JMeterThread: Thread finished: Thread Group 1-159
2024-06-27 23:10:17,011 INFO o.a.j.t.JMeterThread: Thread started: Thread Group 1-161
2024-06-27 23:10:17,335 INFO o.a.j.t.JMeterThread: Thread is done: Thread Group 1-160
2024-06-27 23:10:17,335 INFO o.a.j.t.JMeterThread: Thread finished: Thread Group 1-160
2024-06-27 23:10:17,387 INFO o.a.j.t.JMeterThread: Thread started: Thread Group 1-162
2024-06-27 23:10:17,668 INFO o.a.j.t.JMeterThread: Thread is done: Thread Group 1-161
2024-06-27 23:10:17,668 INFO o.a.j.t.JMeterThread: Thread finished: Thread Group 1-161
2024-06-27 23:10:17,729 INFO o.a.j.t.JMeterThread: Thread started: Thread Group 1-163
2024-06-27 23:10:18,054 INFO o.a.j.t.JMeterThread: Thread is done: Thread Group 1-162
2024-06-27 23:10:18,054 INFO o.a.j.t.JMeterThread: Thread finished: Thread Group 1-162
2024-06-27 23:10:18,088 INFO o.a.j.t.JMeterThread: Thread started: Thread Group 1-164
2024-06-27 23:10:18,389 INFO o.a.j.t.JMeterThread: Thread is done: Thread Group 1-163
2024-06-27 23:10:18,390 INFO o.a.j.t.JMeterThread: Thread finished: Thread Group 1-163
2024-06-27 23:10:18,448 INFO o.a.j.t.JMeterThread: Thread started: Thread Group 1-165
2024-06-27 23:10:18,784 INFO o.a.j.t.JMeterThread: Thread is done: Thread Group 1-164
2024-06-27 23:10:18,784 INFO o.a.j.t.JMeterThread: Thread finished: Thread Group 1-164
2024-06-27 23:10:18,841 INFO o.a.j.t.JMeterThread: Thread started: Thread Group 1-166
2024-06-27 23:10:19,102 INFO o.a.j.t.JMeterThread: Thread is done: Thread Group 1-165
2024-06-27 23:10:19,102 INFO o.a.j.t.JMeterThread: Thread finished: Thread Group 1-165
2024-06-27 23:10:19,167 INFO o.a.j.t.JMeterThread: Thread started: Thread Group 1-167
2024-06-27 23:10:19,458 INFO o.a.j.t.JMeterThread: Thread is done: Thread Group 1-166
2024-06-27 23:10:19,458 INFO o.a.j.t.JMeterThread: Thread finished: Thread Group 1-166
2024-06-27 23:10:19,544 INFO o.a.j.t.JMeterThread: Thread started: Thread Group 1-168
2024-06-27 23:10:19,833 INFO o.a.j.t.JMeterThread: Thread is done: Thread Group 1-167
2024-06-27 23:10:19,834 INFO o.a.j.t.JMeterThread: Thread finished: Thread Group 1-167
2024-06-27 23:10:19,888 INFO o.a.j.t.JMeterThread: Thread started: Thread Group 1-169
2024-06-27 23:10:20,201 INFO o.a.j.t.JMeterThread: Thread is done: Thread Group 1-168
2024-06-27 23:10:20,201 INFO o.a.j.t.JMeterThread: Thread finished: Thread Group 1-168
2024-06-27 23:10:20,246 INFO o.a.j.t.JMeterThread: Thread started: Thread Group 1-170
2024-06-27 23:10:20,525 INFO o.a.j.t.JMeterThread: Thread is done: Thread Group 1-169
2024-06-27 23:10:20,526 INFO o.a.j.t.JMeterThread: Thread finished: Thread Group 1-169
2024-06-27 23:10:20,616 INFO o.a.j.t.JMeterThread: Thread started: Thread Group 1-171
2024-06-27 23:10:20,922 INFO o.a.j.t.JMeterThread: Thread is done: Thread Group 1-170
2024-06-27 23:10:20,922 INFO o.a.j.t.JMeterThread: Thread finished: Thread Group 1-170
2024-06-27 23:10:20,963 INFO o.a.j.t.JMeterThread: Thread started: Thread Group 1-172
2024-06-27 23:10:21,322 INFO o.a.j.t.JMeterThread: Thread started: Thread Group 1-173
2024-06-27 23:10:21,357 INFO o.a.j.t.JMeterThread: Thread is done: Thread Group 1-171
2024-06-27 23:10:21,357 INFO o.a.j.t.JMeterThread: Thread finished: Thread Group 1-171
2024-06-27 23:10:21,680 INFO o.a.j.t.JMeterThread: Thread started: Thread Group 1-174
2024-06-27 23:10:21,867 INFO o.a.j.t.JMeterThread: Thread is done: Thread Group 1-172
2024-06-27 23:10:21,867 INFO o.a.j.t.JMeterThread: Thread finished: Thread Group 1-172
2024-06-27 23:10:22,056 INFO o.a.j.t.JMeterThread: Thread started: Thread Group 1-175
2024-06-27 23:10:22,168 INFO o.a.j.t.JMeterThread: Thread is done: Thread Group 1-173
2024-06-27 23:10:22,168 INFO o.a.j.t.JMeterThread: Thread finished: Thread Group 1-173
2024-06-27 23:10:22,402 INFO o.a.j.t.JMeterThread: Thread started: Thread Group 1-176
2024-06-27 23:10:22,547 INFO o.a.j.t.JMeterThread: Thread is done: Thread Group 1-174
2024-06-27 23:10:22,547 INFO o.a.j.t.JMeterThread: Thread finished: Thread Group 1-174
2024-06-27 23:10:22,726 INFO o.a.j.t.JMeterThread: Thread is done: Thread Group 1-175
2024-06-27 23:10:22,726 INFO o.a.j.t.JMeterThread: Thread finished: Thread Group 1-175
2024-06-27 23:10:22,785 INFO o.a.j.t.JMeterThread: Thread started: Thread Group 1-177
2024-06-27 23:10:23,003 INFO o.a.j.t.JMeterThread: Thread is done: Thread Group 1-176
2024-06-27 23:10:23,003 INFO o.a.j.t.JMeterThread: Thread finished: Thread Group 1-176
2024-06-27 23:10:23,125 INFO o.a.j.t.JMeterThread: Thread started: Thread Group 1-178
2024-06-27 23:10:23,482 INFO o.a.j.t.JMeterThread: Thread started: Thread Group 1-179
2024-06-27 23:10:23,510 INFO o.a.j.t.JMeterThread: Thread is done: Thread Group 1-177
2024-06-27 23:10:23,510 INFO o.a.j.t.JMeterThread: Thread finished: Thread Group 1-177
2024-06-27 23:10:23,778 INFO o.a.j.t.JMeterThread: Thread is done: Thread Group 1-178
2024-06-27 23:10:23,778 INFO o.a.j.t.JMeterThread: Thread finished: Thread Group 1-178
2024-06-27 23:10:23,839 INFO o.a.j.t.JMeterThread: Thread started: Thread Group 1-180
2024-06-27 23:10:24,148 INFO o.a.j.t.JMeterThread: Thread is done: Thread Group 1-179
2024-06-27 23:10:24,148 INFO o.a.j.t.JMeterThread: Thread finished: Thread Group 1-179
2024-06-27 23:10:24,200 INFO o.a.j.t.JMeterThread: Thread started: Thread Group 1-181
2024-06-27 23:10:24,558 INFO o.a.j.t.JMeterThread: Thread started: Thread Group 1-182
2024-06-27 23:10:24,583 INFO o.a.j.t.JMeterThread: Thread is done: Thread Group 1-180
2024-06-27 23:10:24,583 INFO o.a.j.t.JMeterThread: Thread finished: Thread Group 1-180
2024-06-27 23:10:24,931 INFO o.a.j.t.JMeterThread: Thread started: Thread Group 1-183
2024-06-27 23:10:24,955 INFO o.a.j.t.JMeterThread: Thread is done: Thread Group 1-181
2024-06-27 23:10:24,955 INFO o.a.j.t.JMeterThread: Thread finished: Thread Group 1-181
2024-06-27 23:10:25,289 INFO o.a.j.t.JMeterThread: Thread started: Thread Group 1-184
2024-06-27 23:10:25,638 INFO o.a.j.t.JMeterThread: Thread started: Thread Group 1-185
2024-06-27 23:10:25,830 INFO o.a.j.t.JMeterThread: Thread is done: Thread Group 1-182
2024-06-27 23:10:25,830 INFO o.a.j.t.JMeterThread: Thread finished: Thread Group 1-182
2024-06-27 23:10:25,995 INFO o.a.j.t.JMeterThread: Thread started: Thread Group 1-186
2024-06-27 23:10:26,047 INFO o.a.j.t.JMeterThread: Thread is done: Thread Group 1-183
2024-06-27 23:10:26,048 INFO o.a.j.t.JMeterThread: Thread finished: Thread Group 1-183
2024-06-27 23:10:26,172 INFO o.a.j.t.JMeterThread: Thread is done: Thread Group 1-184
2024-06-27 23:10:26,173 INFO o.a.j.t.JMeterThread: Thread finished: Thread Group 1-184
2024-06-27 23:10:26,354 INFO o.a.j.t.JMeterThread: Thread started: Thread Group 1-187
2024-06-27 23:10:26,447 INFO o.a.j.t.JMeterThread: Thread is done: Thread Group 1-185
2024-06-27 23:10:26,448 INFO o.a.j.t.JMeterThread: Thread finished: Thread Group 1-185
2024-06-27 23:10:26,711 INFO o.a.j.t.JMeterThread: Thread started: Thread Group 1-188
2024-06-27 23:10:26,857 INFO o.a.j.t.JMeterThread: Thread is done: Thread Group 1-186
2024-06-27 23:10:26,857 INFO o.a.j.t.JMeterThread: Thread finished: Thread Group 1-186
2024-06-27 23:10:27,070 INFO o.a.j.t.JMeterThread: Thread started: Thread Group 1-189
2024-06-27 23:10:27,185 INFO o.a.j.t.JMeterThread: Thread is done: Thread Group 1-187
2024-06-27 23:10:27,186 INFO o.a.j.t.JMeterThread: Thread finished: Thread Group 1-187
2024-06-27 23:10:27,423 INFO o.a.j.t.JMeterThread: Thread started: Thread Group 1-190
2024-06-27 23:10:27,561 INFO o.a.j.t.JMeterThread: Thread is done: Thread Group 1-188
2024-06-27 23:10:27,561 INFO o.a.j.t.JMeterThread: Thread finished: Thread Group 1-188
2024-06-27 23:10:27,973 INFO o.a.j.t.JMeterThread: Thread started: Thread Group 1-191
2024-06-27 23:10:28,131 INFO o.a.j.t.JMeterThread: Thread is done: Thread Group 1-189
2024-06-27 23:10:28,131 INFO o.a.j.t.JMeterThread: Thread finished: Thread Group 1-189
2024-06-27 23:10:28,205 INFO o.a.j.t.JMeterThread: Thread started: Thread Group 1-192
2024-06-27 23:10:28,569 INFO o.a.j.t.JMeterThread: Thread is done: Thread Group 1-190
2024-06-27 23:10:28,569 INFO o.a.j.t.JMeterThread: Thread finished: Thread Group 1-190
2024-06-27 23:10:28,755 INFO o.a.j.t.JMeterThread: Thread started: Thread Group 1-193
2024-06-27 23:10:28,974 INFO o.a.j.t.JMeterThread: Thread is done: Thread Group 1-191
2024-06-27 23:10:28,974 INFO o.a.j.t.JMeterThread: Thread finished: Thread Group 1-191
2024-06-27 23:10:29,133 INFO o.a.j.t.JMeterThread: Thread started: Thread Group 1-194
2024-06-27 23:10:29,342 INFO o.a.j.t.JMeterThread: Thread is done: Thread Group 1-192
2024-06-27 23:10:29,342 INFO o.a.j.t.JMeterThread: Thread finished: Thread Group 1-192
2024-06-27 23:10:29,530 INFO o.a.j.t.JMeterThread: Thread started: Thread Group 1-195
2024-06-27 23:10:29,782 INFO o.a.j.t.JMeterThread: Thread is done: Thread Group 1-193
2024-06-27 23:10:29,783 INFO o.a.j.t.JMeterThread: Thread finished: Thread Group 1-193
2024-06-27 23:10:29,885 INFO o.a.j.t.JMeterThread: Thread started: Thread Group 1-196
2024-06-27 23:10:30,043 INFO o.a.j.r.Summariser: summary +     97 in 00:00:30 =    3.2/s Avg:  1598 Min:   598 Max:  7626 Err:     0 (0.00%) Active: 3 Started: 196 Finished: 193
2024-06-27 23:10:30,045 INFO o.a.j.r.Summariser: summary =    194 in 00:01:11 =    2.7/s Avg:  2282 Min:   598 Max: 10503 Err:     0 (0.00%)
2024-06-27 23:10:30,046 INFO o.a.j.t.JMeterThread: Thread is done: Thread Group 1-194
2024-06-27 23:10:30,046 INFO o.a.j.t.JMeterThread: Thread finished: Thread Group 1-194
2024-06-27 23:10:30,291 INFO o.a.j.t.JMeterThread: Thread started: Thread Group 1-197
2024-06-27 23:10:30,431 INFO o.a.j.t.JMeterThread: Thread is done: Thread Group 1-195
2024-06-27 23:10:30,431 INFO o.a.j.t.JMeterThread: Thread finished: Thread Group 1-195
2024-06-27 23:10:30,780 INFO o.a.j.t.JMeterThread: Thread is done: Thread Group 1-196
2024-06-27 23:10:30,780 INFO o.a.j.t.JMeterThread: Thread finished: Thread Group 1-196
2024-06-27 23:10:30,889 INFO o.a.j.t.JMeterThread: Thread started: Thread Group 1-198
2024-06-27 23:10:31,098 INFO o.a.j.t.JMeterThread: Thread started: Thread Group 1-199
2024-06-27 23:10:31,156 INFO o.a.j.t.JMeterThread: Thread is done: Thread Group 1-197
2024-06-27 23:10:31,157 INFO o.a.j.t.JMeterThread: Thread finished: Thread Group 1-197
2024-06-27 23:10:31,457 INFO o.a.j.t.JMeterThread: Thread started: Thread Group 1-200
2024-06-27 23:10:31,656 INFO o.a.j.t.JMeterThread: Thread is done: Thread Group 1-198
2024-06-27 23:10:31,656 INFO o.a.j.t.JMeterThread: Thread finished: Thread Group 1-198
2024-06-27 23:10:31,845 INFO o.a.j.t.JMeterThread: Thread is done: Thread Group 1-199
2024-06-27 23:10:31,845 INFO o.a.j.t.JMeterThread: Thread finished: Thread Group 1-199
2024-06-27 23:10:31,966 INFO o.a.j.t.JMeterThread: Thread started: Thread Group 1-201
2024-06-27 23:10:32,334 INFO o.a.j.t.JMeterThread: Thread is done: Thread Group 1-200
2024-06-27 23:10:32,334 INFO o.a.j.t.JMeterThread: Thread finished: Thread Group 1-200
2024-06-27 23:10:32,427 INFO o.a.j.t.JMeterThread: Thread started: Thread Group 1-202
2024-06-27 23:10:32,876 INFO o.a.j.t.JMeterThread: Thread started: Thread Group 1-203
2024-06-27 23:10:33,305 INFO o.a.j.t.JMeterThread: Thread started: Thread Group 1-204
2024-06-27 23:10:33,335 INFO o.a.j.t.JMeterThread: Thread is done: Thread Group 1-201
2024-06-27 23:10:33,335 INFO o.a.j.t.JMeterThread: Thread finished: Thread Group 1-201
2024-06-27 23:10:33,636 INFO o.a.j.t.JMeterThread: Thread is done: Thread Group 1-202
2024-06-27 23:10:33,636 INFO o.a.j.t.JMeterThread: Thread finished: Thread Group 1-202
2024-06-27 23:10:33,705 INFO o.a.j.t.JMeterThread: Thread started: Thread Group 1-205
2024-06-27 23:10:33,979 INFO o.a.j.t.JMeterThread: Thread is done: Thread Group 1-203
2024-06-27 23:10:33,979 INFO o.a.j.t.JMeterThread: Thread finished: Thread Group 1-203
2024-06-27 23:10:34,270 INFO o.a.j.t.JMeterThread: Thread started: Thread Group 1-206
2024-06-27 23:10:34,570 INFO o.a.j.t.JMeterThread: Thread is done: Thread Group 1-204
2024-06-27 23:10:34,571 INFO o.a.j.t.JMeterThread: Thread finished: Thread Group 1-204
2024-06-27 23:10:34,631 INFO o.a.j.t.JMeterThread: Thread started: Thread Group 1-207
2024-06-27 23:10:34,986 INFO o.a.j.t.JMeterThread: Thread started: Thread Group 1-208
2024-06-27 23:10:35,070 INFO o.a.j.t.JMeterThread: Thread is done: Thread Group 1-205
2024-06-27 23:10:35,070 INFO o.a.j.t.JMeterThread: Thread finished: Thread Group 1-205
2024-06-27 23:10:35,347 INFO o.a.j.t.JMeterThread: Thread is done: Thread Group 1-206
2024-06-27 23:10:35,347 INFO o.a.j.t.JMeterThread: Thread finished: Thread Group 1-206
2024-06-27 23:10:35,345 INFO o.a.j.t.JMeterThread: Thread started: Thread Group 1-209
2024-06-27 23:10:35,655 INFO o.a.j.t.JMeterThread: Thread is done: Thread Group 1-207
2024-06-27 23:10:35,656 INFO o.a.j.t.JMeterThread: Thread finished: Thread Group 1-207
2024-06-27 23:10:35,705 INFO o.a.j.t.JMeterThread: Thread started: Thread Group 1-210
2024-06-27 23:10:36,065 INFO o.a.j.t.JMeterThread: Thread is done: Thread Group 1-208
2024-06-27 23:10:36,066 INFO o.a.j.t.JMeterThread: Thread finished: Thread Group 1-208
2024-06-27 23:10:36,072 INFO o.a.j.t.JMeterThread: Thread started: Thread Group 1-211
2024-06-27 23:10:36,425 INFO o.a.j.t.JMeterThread: Thread started: Thread Group 1-212
2024-06-27 23:10:36,537 INFO o.a.j.t.JMeterThread: Thread is done: Thread Group 1-209
2024-06-27 23:10:36,537 INFO o.a.j.t.JMeterThread: Thread finished: Thread Group 1-209
2024-06-27 23:10:36,781 INFO o.a.j.t.JMeterThread: Thread started: Thread Group 1-213
2024-06-27 23:10:37,048 INFO o.a.j.t.JMeterThread: Thread is done: Thread Group 1-210
2024-06-27 23:10:37,049 INFO o.a.j.t.JMeterThread: Thread finished: Thread Group 1-210
2024-06-27 23:10:37,141 INFO o.a.j.t.JMeterThread: Thread started: Thread Group 1-214
2024-06-27 23:10:37,178 INFO o.a.j.t.JMeterThread: Thread is done: Thread Group 1-211
2024-06-27 23:10:37,178 INFO o.a.j.t.JMeterThread: Thread finished: Thread Group 1-211
2024-06-27 23:10:37,455 INFO o.a.j.t.JMeterThread: Thread is done: Thread Group 1-212
2024-06-27 23:10:37,455 INFO o.a.j.t.JMeterThread: Thread finished: Thread Group 1-212
2024-06-27 23:10:37,501 INFO o.a.j.t.JMeterThread: Thread started: Thread Group 1-215
2024-06-27 23:10:37,861 INFO o.a.j.t.JMeterThread: Thread started: Thread Group 1-216
2024-06-27 23:10:37,941 INFO o.a.j.t.JMeterThread: Thread is done: Thread Group 1-213
2024-06-27 23:10:37,941 INFO o.a.j.t.JMeterThread: Thread finished: Thread Group 1-213
2024-06-27 23:10:38,061 INFO o.a.j.t.JMeterThread: Thread is done: Thread Group 1-214
2024-06-27 23:10:38,062 INFO o.a.j.t.JMeterThread: Thread finished: Thread Group 1-214
2024-06-27 23:10:38,220 INFO o.a.j.t.JMeterThread: Thread started: Thread Group 1-217
2024-06-27 23:10:38,436 INFO o.a.j.t.JMeterThread: Thread is done: Thread Group 1-215
2024-06-27 23:10:38,436 INFO o.a.j.t.JMeterThread: Thread finished: Thread Group 1-215
2024-06-27 23:10:38,578 INFO o.a.j.t.JMeterThread: Thread started: Thread Group 1-218
2024-06-27 23:10:38,764 INFO o.a.j.t.JMeterThread: Thread is done: Thread Group 1-216
2024-06-27 23:10:38,764 INFO o.a.j.t.JMeterThread: Thread finished: Thread Group 1-216
2024-06-27 23:10:38,937 INFO o.a.j.t.JMeterThread: Thread started: Thread Group 1-219
2024-06-27 23:10:39,081 INFO o.a.j.t.JMeterThread: Thread is done: Thread Group 1-217
2024-06-27 23:10:39,082 INFO o.a.j.t.JMeterThread: Thread finished: Thread Group 1-217
2024-06-27 23:10:39,290 INFO o.a.j.t.JMeterThread: Thread is done: Thread Group 1-218
2024-06-27 23:10:39,291 INFO o.a.j.t.JMeterThread: Thread finished: Thread Group 1-218
2024-06-27 23:10:39,299 INFO o.a.j.t.JMeterThread: Thread started: Thread Group 1-220
2024-06-27 23:10:39,596 INFO o.a.j.t.JMeterThread: Thread is done: Thread Group 1-219
2024-06-27 23:10:39,596 INFO o.a.j.t.JMeterThread: Thread finished: Thread Group 1-219
2024-06-27 23:10:39,674 INFO o.a.j.t.JMeterThread: Thread started: Thread Group 1-221
2024-06-27 23:10:39,990 INFO o.a.j.t.JMeterThread: Thread is done: Thread Group 1-220
2024-06-27 23:10:39,990 INFO o.a.j.t.JMeterThread: Thread finished: Thread Group 1-220
2024-06-27 23:10:40,018 INFO o.a.j.t.JMeterThread: Thread started: Thread Group 1-222
2024-06-27 23:10:40,375 INFO o.a.j.t.JMeterThread: Thread started: Thread Group 1-223
2024-06-27 23:10:40,480 INFO o.a.j.t.JMeterThread: Thread is done: Thread Group 1-221
2024-06-27 23:10:40,480 INFO o.a.j.t.JMeterThread: Thread finished: Thread Group 1-221
2024-06-27 23:10:40,735 INFO o.a.j.t.JMeterThread: Thread started: Thread Group 1-224
2024-06-27 23:10:41,081 INFO o.a.j.t.JMeterThread: Thread is done: Thread Group 1-222
2024-06-27 23:10:41,081 INFO o.a.j.t.JMeterThread: Thread finished: Thread Group 1-222
2024-06-27 23:10:41,093 INFO o.a.j.t.JMeterThread: Thread started: Thread Group 1-225
2024-06-27 23:10:41,321 INFO o.a.j.t.JMeterThread: Thread is done: Thread Group 1-223
2024-06-27 23:10:41,321 INFO o.a.j.t.JMeterThread: Thread finished: Thread Group 1-223
2024-06-27 23:10:41,425 INFO o.a.j.t.JMeterThread: Thread is done: Thread Group 1-224
2024-06-27 23:10:41,425 INFO o.a.j.t.JMeterThread: Thread finished: Thread Group 1-224
2024-06-27 23:10:41,451 INFO o.a.j.t.JMeterThread: Thread started: Thread Group 1-226
2024-06-27 23:10:41,794 INFO o.a.j.t.JMeterThread: Thread is done: Thread Group 1-225
2024-06-27 23:10:41,795 INFO o.a.j.t.JMeterThread: Thread finished: Thread Group 1-225
2024-06-27 23:10:41,809 INFO o.a.j.t.JMeterThread: Thread started: Thread Group 1-227
2024-06-27 23:10:42,107 INFO o.a.j.t.JMeterThread: Thread is done: Thread Group 1-226
2024-06-27 23:10:42,108 INFO o.a.j.t.JMeterThread: Thread finished: Thread Group 1-226
2024-06-27 23:10:42,169 INFO o.a.j.t.JMeterThread: Thread started: Thread Group 1-228
2024-06-27 23:10:42,491 INFO o.a.j.t.JMeterThread: Thread started: Thread Group 1-229
2024-06-27 23:10:42,548 INFO o.a.j.t.JMeterThread: Thread is done: Thread Group 1-227
2024-06-27 23:10:42,548 INFO o.a.j.t.JMeterThread: Thread finished: Thread Group 1-227
2024-06-27 23:10:42,829 INFO o.a.j.t.JMeterThread: Thread is done: Thread Group 1-228
2024-06-27 23:10:42,829 INFO o.a.j.t.JMeterThread: Thread finished: Thread Group 1-228
2024-06-27 23:10:42,849 INFO o.a.j.t.JMeterThread: Thread started: Thread Group 1-230
2024-06-27 23:10:43,168 INFO o.a.j.t.JMeterThread: Thread is done: Thread Group 1-229
2024-06-27 23:10:43,168 INFO o.a.j.t.JMeterThread: Thread finished: Thread Group 1-229
2024-06-27 23:10:43,372 INFO o.a.j.t.JMeterThread: Thread started: Thread Group 1-231
2024-06-27 23:10:43,551 INFO o.a.j.t.JMeterThread: Thread is done: Thread Group 1-230
2024-06-27 23:10:43,551 INFO o.a.j.t.JMeterThread: Thread finished: Thread Group 1-230
